[2026-03-23 02:45:52] [INFO] ===========================================
[2026-03-23 02:45:52] [INFO] AI Coding Fullstack Supervisor v3 (gstack-style)
[2026-03-23 02:45:52] [INFO] ===========================================
[2026-03-23 02:45:54] [INFO] Git 状态: {"branch":"feature/issue-16-workflow-orchestrator","dirty":       3,"feature_branches":"","open_prs":       5}
[2026-03-23 02:45:54] [INFO] 工作目录有未提交的更改，先提交...
[2026-03-23 02:46:22] [INFO] ===========================================
[2026-03-23 02:46:22] [INFO] AI Coding Fullstack Supervisor v3 (gstack-style)
[2026-03-23 02:46:22] [INFO] ===========================================
[2026-03-23 02:46:22] [INFO] 上一次任务仍在运行中，跳过此次执行
[2026-03-23 02:46:45] [INFO] ===========================================
[2026-03-23 02:46:45] [INFO] AI Coding Fullstack Supervisor v3 (gstack-style)
[2026-03-23 02:46:45] [INFO] ===========================================
[2026-03-23 02:46:45] [INFO] 上一次任务仍在运行中，跳过此次执行
[2026-03-23 02:47:00] [INFO] ===========================================
[2026-03-23 02:47:00] [INFO] AI Coding Fullstack Supervisor v3 (gstack-style)
[2026-03-23 02:47:00] [INFO] ===========================================
[2026-03-23 02:47:00] [INFO] 上一次任务仍在运行中，跳过此次执行
[2026-03-23 02:47:11] [INFO] ===========================================
[2026-03-23 02:47:11] [INFO] AI Coding Fullstack Supervisor v3 (gstack-style)
[2026-03-23 02:47:12] [INFO] ===========================================
[2026-03-23 02:47:12] [INFO] 上一次任务仍在运行中，跳过此次执行
[2026-03-23 02:47:43] [INFO] ===========================================
[2026-03-23 02:47:43] [INFO] AI Coding Fullstack Supervisor v3 (gstack-style)
[2026-03-23 02:47:43] [INFO] ===========================================
[2026-03-23 02:47:43] [INFO] 上一次任务仍在运行中，跳过此次执行
[2026-03-23 02:57:34] [INFO] ===========================================
[2026-03-23 02:57:34] [INFO] AI Coding Fullstack Supervisor v3 (gstack-style)
[2026-03-23 02:57:34] [INFO] ===========================================
[2026-03-23 02:57:34] [INFO] 上一次任务仍在运行中，跳过此次执行
[2026-03-23 03:12:35] [INFO] ===========================================
[2026-03-23 03:12:35] [INFO] AI Coding Fullstack Supervisor v3 (gstack-style)
[2026-03-23 03:12:35] [INFO] ===========================================
[2026-03-23 03:12:35] [INFO] 上一次任务仍在运行中，跳过此次执行
[2026-03-23 03:27:37] [INFO] ===========================================
[2026-03-23 03:27:37] [INFO] AI Coding Fullstack Supervisor v3 (gstack-style)
[2026-03-23 03:27:37] [INFO] ===========================================
[2026-03-23 03:27:38] [INFO] 上一次任务仍在运行中，跳过此次执行
[2026-03-23 03:42:35] [INFO] ===========================================
[2026-03-23 03:42:35] [INFO] AI Coding Fullstack Supervisor v3 (gstack-style)
[2026-03-23 03:42:35] [INFO] ===========================================
[2026-03-23 03:42:35] [INFO] 上一次任务仍在运行中，跳过此次执行
[2026-03-23 03:57:34] [INFO] ===========================================
[2026-03-23 03:57:35] [INFO] AI Coding Fullstack Supervisor v3 (gstack-style)
[2026-03-23 03:57:35] [INFO] ===========================================
[2026-03-23 03:57:35] [INFO] 上一次任务仍在运行中，跳过此次执行
[2026-03-23 04:12:35] [INFO] ===========================================
[2026-03-23 04:12:35] [INFO] AI Coding Fullstack Supervisor v3 (gstack-style)
[2026-03-23 04:12:35] [INFO] ===========================================
[2026-03-23 04:12:35] [INFO] 上一次任务仍在运行中，跳过此次执行
[2026-03-23 04:13:09] [INFO] ===========================================
[2026-03-23 04:13:09] [INFO] AI Coding Fullstack Supervisor v3 (gstack-style)
[2026-03-23 04:13:09] [INFO] ===========================================
[2026-03-23 04:13:11] [INFO] Git 状态: {"branch":"feature/issue-16-workflow-orchestrator","dirty":       3,"feature_branches":"","open_prs":       5}
[2026-03-23 04:13:11] [INFO] 工作目录有未提交的更改，先提交...
[2026-03-23 04:14:15] [INFO] ===========================================
[2026-03-23 04:14:15] [INFO] AI Coding Fullstack Supervisor v3 (gstack-style)
[2026-03-23 04:14:15] [INFO] ===========================================
[2026-03-23 04:14:15] [INFO] 上一次任务仍在运行中，跳过此次执行
[2026-03-23 04:14:35] [INFO] ===========================================
[2026-03-23 04:14:35] [INFO] AI Coding Fullstack Supervisor v3 (gstack-style)
[2026-03-23 04:14:35] [INFO] ===========================================
[2026-03-23 04:14:37] [INFO] Git 状态: {"branch":"feature/issue-16-workflow-orchestrator","dirty":       3,"feature_branches":"","open_prs":       5}
[2026-03-23 04:14:37] [INFO] 工作目录有未提交的更改，先提交...
[2026-03-23 04:16:19] [INFO] ===========================================
[2026-03-23 04:16:19] [INFO] AI Coding Fullstack Supervisor v3 (gstack-style)
[2026-03-23 04:16:19] [INFO] ===========================================
[2026-03-23 04:16:21] [INFO] Git 状态: {"branch":"feature/issue-16-workflow-orchestrator","dirty":       0,"feature_branches":"","open_prs":       5}
[2026-03-23 04:16:21] [INFO] 选取任务: #None - None
[2026-03-23 04:16:21] [INFO] === 开始 TDD 流程: Issue #None ===
[2026-03-23 04:16:21] [INFO] Issue #None: 
[2026-03-23 04:16:21] [INFO] Labels: 
[2026-03-23 04:16:26] [INFO] 创建分支: feature/issue-None
[2026-03-23 04:16:26] [INFO] TDD RED: 创建测试...
[2026-03-23 04:16:27] [INFO] 测试意外通过，需要先实现功能
[2026-03-23 04:16:27] [INFO] TDD GREEN: 创建最小实现...
[2026-03-23 04:16:27] [INFO] TDD GREEN: 测试通过 ✓
[2026-03-23 04:16:27] [INFO] TDD REFACTOR: 重构 (如需要)
